CRITICAL - 2023-02-28 03:41:11 --> Class 'App\Controllers\BaseController' not found
in APPPATH\Controllers\BaseController.php on line 5.
 1 SYSTEMPATH\Autoloader\Autoloader.php(312): include_once()
 2 SYSTEMPATH\Autoloader\Autoloader.php(289): CodeIgniter\Autoloader\Autoloader->includeFile('APPPATH\\Controllers\\BaseController.php')
 3 SYSTEMPATH\Autoloader\Autoloader.php(267): CodeIgniter\Autoloader\Autoloader->loadInNamespace('App\\Controllers\\BaseController')
 4 [internal function]: CodeIgniter\Autoloader\Autoloader->loadClass('App\\Controllers\\BaseController')
 5 APPPATH\Controllers\Home.php(5): spl_autoload_call('App\\Controllers\\BaseController')
 6 SYSTEMPATH\Router\AutoRouter.php(147): include_once('APPPATH\\Controllers\\Home.php')
 7 SYSTEMPATH\Router\Router.php(507): CodeIgniter\Router\AutoRouter->getRoute('home/about/anom/25')
 8 SYSTEMPATH\Router\Router.php(206): CodeIgniter\Router\Router->autoRoute('home/about/anom/25')
 9 SYSTEMPATH\CodeIgniter.php(815): CodeIgniter\Router\Router->handle('home/about/anom/25')
10 SYSTEMPATH\CodeIgniter.php(449): CodeIgniter\CodeIgniter->tryToRouteIt(Object(CodeIgniter\Router\RouteCollection))
11 SYSTEMPATH\CodeIgniter.php(368): CodeIgniter\CodeIgniter->handleRequest(null, Object(Config\Cache), false)
12 FCPATH\index.php(67): CodeIgniter\CodeIgniter->run()
13 SYSTEMPATH\Commands\Server\rewrite.php(47): require_once('FCPATH\\index.php')
CRITICAL - 2023-02-28 03:42:52 --> Class 'App\Controllers\BaseController' not found
in APPPATH\Controllers\BaseController.php on line 5.
 1 SYSTEMPATH\Autoloader\Autoloader.php(312): include_once()
 2 SYSTEMPATH\Autoloader\Autoloader.php(289): CodeIgniter\Autoloader\Autoloader->includeFile('APPPATH\\Controllers\\BaseController.php')
 3 SYSTEMPATH\Autoloader\Autoloader.php(267): CodeIgniter\Autoloader\Autoloader->loadInNamespace('App\\Controllers\\BaseController')
 4 [internal function]: CodeIgniter\Autoloader\Autoloader->loadClass('App\\Controllers\\BaseController')
 5 APPPATH\Controllers\Home.php(5): spl_autoload_call('App\\Controllers\\BaseController')
 6 SYSTEMPATH\Router\AutoRouter.php(147): include_once('APPPATH\\Controllers\\Home.php')
 7 SYSTEMPATH\Router\Router.php(507): CodeIgniter\Router\AutoRouter->getRoute('home/about/anom/25')
 8 SYSTEMPATH\Router\Router.php(206): CodeIgniter\Router\Router->autoRoute('home/about/anom/25')
 9 SYSTEMPATH\CodeIgniter.php(815): CodeIgniter\Router\Router->handle('home/about/anom/25')
10 SYSTEMPATH\CodeIgniter.php(449): CodeIgniter\CodeIgniter->tryToRouteIt(Object(CodeIgniter\Router\RouteCollection))
11 SYSTEMPATH\CodeIgniter.php(368): CodeIgniter\CodeIgniter->handleRequest(null, Object(Config\Cache), false)
12 FCPATH\index.php(67): CodeIgniter\CodeIgniter->run()
13 SYSTEMPATH\Commands\Server\rewrite.php(47): require_once('FCPATH\\index.php')
CRITICAL - 2023-02-28 03:43:12 --> Class 'App\Controllers\BaseController' not found
in APPPATH\Controllers\BaseController.php on line 5.
 1 SYSTEMPATH\Autoloader\Autoloader.php(312): include_once()
 2 SYSTEMPATH\Autoloader\Autoloader.php(289): CodeIgniter\Autoloader\Autoloader->includeFile('APPPATH\\Controllers\\BaseController.php')
 3 SYSTEMPATH\Autoloader\Autoloader.php(267): CodeIgniter\Autoloader\Autoloader->loadInNamespace('App\\Controllers\\BaseController')
 4 [internal function]: CodeIgniter\Autoloader\Autoloader->loadClass('App\\Controllers\\BaseController')
 5 APPPATH\Controllers\Home.php(5): spl_autoload_call('App\\Controllers\\BaseController')
 6 SYSTEMPATH\Router\AutoRouter.php(147): include_once('APPPATH\\Controllers\\Home.php')
 7 SYSTEMPATH\Router\Router.php(507): CodeIgniter\Router\AutoRouter->getRoute('home/about/anom/25')
 8 SYSTEMPATH\Router\Router.php(206): CodeIgniter\Router\Router->autoRoute('home/about/anom/25')
 9 SYSTEMPATH\CodeIgniter.php(815): CodeIgniter\Router\Router->handle('home/about/anom/25')
10 SYSTEMPATH\CodeIgniter.php(449): CodeIgniter\CodeIgniter->tryToRouteIt(Object(CodeIgniter\Router\RouteCollection))
11 SYSTEMPATH\CodeIgniter.php(368): CodeIgniter\CodeIgniter->handleRequest(null, Object(Config\Cache), false)
12 FCPATH\index.php(67): CodeIgniter\CodeIgniter->run()
13 SYSTEMPATH\Commands\Server\rewrite.php(47): require_once('FCPATH\\index.php')
CRITICAL - 2023-02-28 03:44:58 --> Class 'App\Controllers\BaseController' not found
in APPPATH\Controllers\BaseController.php on line 5.
 1 SYSTEMPATH\Autoloader\Autoloader.php(312): include_once()
 2 SYSTEMPATH\Autoloader\Autoloader.php(289): CodeIgniter\Autoloader\Autoloader->includeFile('APPPATH\\Controllers\\BaseController.php')
 3 SYSTEMPATH\Autoloader\Autoloader.php(267): CodeIgniter\Autoloader\Autoloader->loadInNamespace('App\\Controllers\\BaseController')
 4 [internal function]: CodeIgniter\Autoloader\Autoloader->loadClass('App\\Controllers\\BaseController')
 5 APPPATH\Controllers\Home.php(5): spl_autoload_call('App\\Controllers\\BaseController')
 6 SYSTEMPATH\Router\AutoRouter.php(147): include_once('APPPATH\\Controllers\\Home.php')
 7 SYSTEMPATH\Router\Router.php(507): CodeIgniter\Router\AutoRouter->getRoute('home/about/anom/25')
 8 SYSTEMPATH\Router\Router.php(206): CodeIgniter\Router\Router->autoRoute('home/about/anom/25')
 9 SYSTEMPATH\CodeIgniter.php(815): CodeIgniter\Router\Router->handle('home/about/anom/25')
10 SYSTEMPATH\CodeIgniter.php(449): CodeIgniter\CodeIgniter->tryToRouteIt(Object(CodeIgniter\Router\RouteCollection))
11 SYSTEMPATH\CodeIgniter.php(368): CodeIgniter\CodeIgniter->handleRequest(null, Object(Config\Cache), false)
12 FCPATH\index.php(67): CodeIgniter\CodeIgniter->run()
13 SYSTEMPATH\Commands\Server\rewrite.php(47): require_once('FCPATH\\index.php')
CRITICAL - 2023-02-28 03:48:19 --> Class 'App\Controllers\BaseController' not found
in APPPATH\Controllers\BaseController.php on line 5.
 1 SYSTEMPATH\Autoloader\Autoloader.php(312): include_once()
 2 SYSTEMPATH\Autoloader\Autoloader.php(289): CodeIgniter\Autoloader\Autoloader->includeFile('APPPATH\\Controllers\\BaseController.php')
 3 SYSTEMPATH\Autoloader\Autoloader.php(267): CodeIgniter\Autoloader\Autoloader->loadInNamespace('App\\Controllers\\BaseController')
 4 [internal function]: CodeIgniter\Autoloader\Autoloader->loadClass('App\\Controllers\\BaseController')
 5 APPPATH\Controllers\Home.php(5): spl_autoload_call('App\\Controllers\\BaseController')
 6 SYSTEMPATH\Router\AutoRouter.php(147): include_once('APPPATH\\Controllers\\Home.php')
 7 SYSTEMPATH\Router\Router.php(507): CodeIgniter\Router\AutoRouter->getRoute('home/about/anom/25')
 8 SYSTEMPATH\Router\Router.php(206): CodeIgniter\Router\Router->autoRoute('home/about/anom/25')
 9 SYSTEMPATH\CodeIgniter.php(815): CodeIgniter\Router\Router->handle('home/about/anom/25')
10 SYSTEMPATH\CodeIgniter.php(449): CodeIgniter\CodeIgniter->tryToRouteIt(Object(CodeIgniter\Router\RouteCollection))
11 SYSTEMPATH\CodeIgniter.php(368): CodeIgniter\CodeIgniter->handleRequest(null, Object(Config\Cache), false)
12 FCPATH\index.php(67): CodeIgniter\CodeIgniter->run()
13 SYSTEMPATH\Commands\Server\rewrite.php(47): require_once('FCPATH\\index.php')
CRITICAL - 2023-02-28 03:48:31 --> Class 'App\Controllers\BaseController' not found
in APPPATH\Controllers\BaseController.php on line 5.
 1 SYSTEMPATH\Autoloader\Autoloader.php(312): include_once()
 2 SYSTEMPATH\Autoloader\Autoloader.php(289): CodeIgniter\Autoloader\Autoloader->includeFile('APPPATH\\Controllers\\BaseController.php')
 3 SYSTEMPATH\Autoloader\Autoloader.php(267): CodeIgniter\Autoloader\Autoloader->loadInNamespace('App\\Controllers\\BaseController')
 4 [internal function]: CodeIgniter\Autoloader\Autoloader->loadClass('App\\Controllers\\BaseController')
 5 APPPATH\Controllers\Home.php(5): spl_autoload_call('App\\Controllers\\BaseController')
 6 SYSTEMPATH\Router\AutoRouter.php(147): include_once('APPPATH\\Controllers\\Home.php')
 7 SYSTEMPATH\Router\Router.php(507): CodeIgniter\Router\AutoRouter->getRoute('home/about/anom/25')
 8 SYSTEMPATH\Router\Router.php(206): CodeIgniter\Router\Router->autoRoute('home/about/anom/25')
 9 SYSTEMPATH\CodeIgniter.php(815): CodeIgniter\Router\Router->handle('home/about/anom/25')
10 SYSTEMPATH\CodeIgniter.php(449): CodeIgniter\CodeIgniter->tryToRouteIt(Object(CodeIgniter\Router\RouteCollection))
11 SYSTEMPATH\CodeIgniter.php(368): CodeIgniter\CodeIgniter->handleRequest(null, Object(Config\Cache), false)
12 FCPATH\index.php(67): CodeIgniter\CodeIgniter->run()
13 SYSTEMPATH\Commands\Server\rewrite.php(47): require_once('FCPATH\\index.php')
CRITICAL - 2023-02-28 03:52:54 --> preg_match(): Compilation failed: quantifier does not follow a repeatable item at offset 1
in SYSTEMPATH\Router\Router.php on line 419.
 1 [internal function]: CodeIgniter\Debug\Exceptions->errorHandler(2, 'preg_match(): Compilation failed: quantifier does not follow a repeatable item at offset 1', 'SYSTEMPATH\\Router\\Router.php', 419, [...])
 2 SYSTEMPATH\Router\Router.php(419): preg_match('#^?coba/(.*)$#u', 'about/anom/25', [])
 3 SYSTEMPATH\Router\Router.php(182): CodeIgniter\Router\Router->checkRoutes('about/anom/25')
 4 SYSTEMPATH\CodeIgniter.php(815): CodeIgniter\Router\Router->handle('about/anom/25')
 5 SYSTEMPATH\CodeIgniter.php(449): CodeIgniter\CodeIgniter->tryToRouteIt(Object(CodeIgniter\Router\RouteCollection))
 6 SYSTEMPATH\CodeIgniter.php(368): CodeIgniter\CodeIgniter->handleRequest(null, Object(Config\Cache), false)
 7 FCPATH\index.php(67): CodeIgniter\CodeIgniter->run()
 8 SYSTEMPATH\Commands\Server\rewrite.php(47): require_once('FCPATH\\index.php')
CRITICAL - 2023-02-28 03:53:51 --> preg_match(): Compilation failed: quantifier does not follow a repeatable item at offset 1
in SYSTEMPATH\Router\Router.php on line 419.
 1 [internal function]: CodeIgniter\Debug\Exceptions->errorHandler(2, 'preg_match(): Compilation failed: quantifier does not follow a repeatable item at offset 1', 'SYSTEMPATH\\Router\\Router.php', 419, [...])
 2 SYSTEMPATH\Router\Router.php(419): preg_match('#^?coba/(.*)$#u', 'about/anom/25', [])
 3 SYSTEMPATH\Router\Router.php(182): CodeIgniter\Router\Router->checkRoutes('about/anom/25')
 4 SYSTEMPATH\CodeIgniter.php(815): CodeIgniter\Router\Router->handle('about/anom/25')
 5 SYSTEMPATH\CodeIgniter.php(449): CodeIgniter\CodeIgniter->tryToRouteIt(Object(CodeIgniter\Router\RouteCollection))
 6 SYSTEMPATH\CodeIgniter.php(368): CodeIgniter\CodeIgniter->handleRequest(null, Object(Config\Cache), false)
 7 FCPATH\index.php(67): CodeIgniter\CodeIgniter->run()
 8 SYSTEMPATH\Commands\Server\rewrite.php(47): require_once('FCPATH\\index.php')
CRITICAL - 2023-02-28 03:53:53 --> preg_match(): Compilation failed: quantifier does not follow a repeatable item at offset 1
in SYSTEMPATH\Router\Router.php on line 419.
 1 [internal function]: CodeIgniter\Debug\Exceptions->errorHandler(2, 'preg_match(): Compilation failed: quantifier does not follow a repeatable item at offset 1', 'SYSTEMPATH\\Router\\Router.php', 419, [...])
 2 SYSTEMPATH\Router\Router.php(419): preg_match('#^?coba/(.*)$#u', 'about/anom/25', [])
 3 SYSTEMPATH\Router\Router.php(182): CodeIgniter\Router\Router->checkRoutes('about/anom/25')
 4 SYSTEMPATH\CodeIgniter.php(815): CodeIgniter\Router\Router->handle('about/anom/25')
 5 SYSTEMPATH\CodeIgniter.php(449): CodeIgniter\CodeIgniter->tryToRouteIt(Object(CodeIgniter\Router\RouteCollection))
 6 SYSTEMPATH\CodeIgniter.php(368): CodeIgniter\CodeIgniter->handleRequest(null, Object(Config\Cache), false)
 7 FCPATH\index.php(67): CodeIgniter\CodeIgniter->run()
 8 SYSTEMPATH\Commands\Server\rewrite.php(47): require_once('FCPATH\\index.php')
CRITICAL - 2023-02-28 03:59:43 --> Class 'App\Controllers\BaseController' not found
in APPPATH\Controllers\BaseController.php on line 5.
 1 SYSTEMPATH\Autoloader\Autoloader.php(312): include_once()
 2 SYSTEMPATH\Autoloader\Autoloader.php(289): CodeIgniter\Autoloader\Autoloader->includeFile('APPPATH\\Controllers\\BaseController.php')
 3 SYSTEMPATH\Autoloader\Autoloader.php(267): CodeIgniter\Autoloader\Autoloader->loadInNamespace('App\\Controllers\\BaseController')
 4 [internal function]: CodeIgniter\Autoloader\Autoloader->loadClass('App\\Controllers\\BaseController')
 5 APPPATH\Controllers\Home.php(5): spl_autoload_call('App\\Controllers\\BaseController')
 6 SYSTEMPATH\Router\AutoRouter.php(147): include_once('APPPATH\\Controllers\\Home.php')
 7 SYSTEMPATH\Router\Router.php(507): CodeIgniter\Router\AutoRouter->getRoute('Home/about/anom/25')
 8 SYSTEMPATH\Router\Router.php(206): CodeIgniter\Router\Router->autoRoute('Home/about/anom/25')
 9 SYSTEMPATH\CodeIgniter.php(815): CodeIgniter\Router\Router->handle('Home/about/anom/25')
10 SYSTEMPATH\CodeIgniter.php(449): CodeIgniter\CodeIgniter->tryToRouteIt(Object(CodeIgniter\Router\RouteCollection))
11 SYSTEMPATH\CodeIgniter.php(368): CodeIgniter\CodeIgniter->handleRequest(null, Object(Config\Cache), false)
12 FCPATH\index.php(67): CodeIgniter\CodeIgniter->run()
13 SYSTEMPATH\Commands\Server\rewrite.php(47): require_once('FCPATH\\index.php')
CRITICAL - 2023-02-28 04:02:03 --> Class 'App\Controllers\BaseController' not found
in APPPATH\Controllers\BaseController.php on line 5.
 1 SYSTEMPATH\Autoloader\Autoloader.php(312): include_once()
 2 SYSTEMPATH\Autoloader\Autoloader.php(289): CodeIgniter\Autoloader\Autoloader->includeFile('APPPATH\\Controllers\\BaseController.php')
 3 SYSTEMPATH\Autoloader\Autoloader.php(267): CodeIgniter\Autoloader\Autoloader->loadInNamespace('App\\Controllers\\BaseController')
 4 [internal function]: CodeIgniter\Autoloader\Autoloader->loadClass('App\\Controllers\\BaseController')
 5 APPPATH\Controllers\Home.php(5): spl_autoload_call('App\\Controllers\\BaseController')
 6 SYSTEMPATH\Router\AutoRouter.php(147): include_once('APPPATH\\Controllers\\Home.php')
 7 SYSTEMPATH\Router\Router.php(507): CodeIgniter\Router\AutoRouter->getRoute('Home/about/anom/25')
 8 SYSTEMPATH\Router\Router.php(206): CodeIgniter\Router\Router->autoRoute('Home/about/anom/25')
 9 SYSTEMPATH\CodeIgniter.php(815): CodeIgniter\Router\Router->handle('Home/about/anom/25')
10 SYSTEMPATH\CodeIgniter.php(449): CodeIgniter\CodeIgniter->tryToRouteIt(Object(CodeIgniter\Router\RouteCollection))
11 SYSTEMPATH\CodeIgniter.php(368): CodeIgniter\CodeIgniter->handleRequest(null, Object(Config\Cache), false)
12 FCPATH\index.php(67): CodeIgniter\CodeIgniter->run()
13 SYSTEMPATH\Commands\Server\rewrite.php(47): require_once('FCPATH\\index.php')
CRITICAL - 2023-02-28 04:02:55 --> Class 'App\Controllers\BaseController' not found
in APPPATH\Controllers\BaseController.php on line 5.
 1 SYSTEMPATH\Autoloader\Autoloader.php(312): include_once()
 2 SYSTEMPATH\Autoloader\Autoloader.php(289): CodeIgniter\Autoloader\Autoloader->includeFile('APPPATH\\Controllers\\BaseController.php')
 3 SYSTEMPATH\Autoloader\Autoloader.php(267): CodeIgniter\Autoloader\Autoloader->loadInNamespace('App\\Controllers\\BaseController')
 4 [internal function]: CodeIgniter\Autoloader\Autoloader->loadClass('App\\Controllers\\BaseController')
 5 APPPATH\Controllers\Home.php(5): spl_autoload_call('App\\Controllers\\BaseController')
 6 SYSTEMPATH\Router\AutoRouter.php(147): include_once('APPPATH\\Controllers\\Home.php')
 7 SYSTEMPATH\Router\Router.php(507): CodeIgniter\Router\AutoRouter->getRoute('Home/about/anom/25')
 8 SYSTEMPATH\Router\Router.php(206): CodeIgniter\Router\Router->autoRoute('Home/about/anom/25')
 9 SYSTEMPATH\CodeIgniter.php(815): CodeIgniter\Router\Router->handle('Home/about/anom/25')
10 SYSTEMPATH\CodeIgniter.php(449): CodeIgniter\CodeIgniter->tryToRouteIt(Object(CodeIgniter\Router\RouteCollection))
11 SYSTEMPATH\CodeIgniter.php(368): CodeIgniter\CodeIgniter->handleRequest(null, Object(Config\Cache), false)
12 FCPATH\index.php(67): CodeIgniter\CodeIgniter->run()
13 SYSTEMPATH\Commands\Server\rewrite.php(47): require_once('FCPATH\\index.php')
CRITICAL - 2023-02-28 04:02:56 --> Class 'App\Controllers\BaseController' not found
in APPPATH\Controllers\BaseController.php on line 5.
 1 SYSTEMPATH\Autoloader\Autoloader.php(312): include_once()
 2 SYSTEMPATH\Autoloader\Autoloader.php(289): CodeIgniter\Autoloader\Autoloader->includeFile('APPPATH\\Controllers\\BaseController.php')
 3 SYSTEMPATH\Autoloader\Autoloader.php(267): CodeIgniter\Autoloader\Autoloader->loadInNamespace('App\\Controllers\\BaseController')
 4 [internal function]: CodeIgniter\Autoloader\Autoloader->loadClass('App\\Controllers\\BaseController')
 5 APPPATH\Controllers\Home.php(5): spl_autoload_call('App\\Controllers\\BaseController')
 6 SYSTEMPATH\Router\AutoRouter.php(147): include_once('APPPATH\\Controllers\\Home.php')
 7 SYSTEMPATH\Router\Router.php(507): CodeIgniter\Router\AutoRouter->getRoute('Home/about/anom/25')
 8 SYSTEMPATH\Router\Router.php(206): CodeIgniter\Router\Router->autoRoute('Home/about/anom/25')
 9 SYSTEMPATH\CodeIgniter.php(815): CodeIgniter\Router\Router->handle('Home/about/anom/25')
10 SYSTEMPATH\CodeIgniter.php(449): CodeIgniter\CodeIgniter->tryToRouteIt(Object(CodeIgniter\Router\RouteCollection))
11 SYSTEMPATH\CodeIgniter.php(368): CodeIgniter\CodeIgniter->handleRequest(null, Object(Config\Cache), false)
12 FCPATH\index.php(67): CodeIgniter\CodeIgniter->run()
13 SYSTEMPATH\Commands\Server\rewrite.php(47): require_once('FCPATH\\index.php')
CRITICAL - 2023-02-28 04:02:57 --> Class 'App\Controllers\BaseController' not found
in APPPATH\Controllers\BaseController.php on line 5.
 1 SYSTEMPATH\Autoloader\Autoloader.php(312): include_once()
 2 SYSTEMPATH\Autoloader\Autoloader.php(289): CodeIgniter\Autoloader\Autoloader->includeFile('APPPATH\\Controllers\\BaseController.php')
 3 SYSTEMPATH\Autoloader\Autoloader.php(267): CodeIgniter\Autoloader\Autoloader->loadInNamespace('App\\Controllers\\BaseController')
 4 [internal function]: CodeIgniter\Autoloader\Autoloader->loadClass('App\\Controllers\\BaseController')
 5 APPPATH\Controllers\Home.php(5): spl_autoload_call('App\\Controllers\\BaseController')
 6 SYSTEMPATH\Router\AutoRouter.php(147): include_once('APPPATH\\Controllers\\Home.php')
 7 SYSTEMPATH\Router\Router.php(507): CodeIgniter\Router\AutoRouter->getRoute('Home/about/anom/25')
 8 SYSTEMPATH\Router\Router.php(206): CodeIgniter\Router\Router->autoRoute('Home/about/anom/25')
 9 SYSTEMPATH\CodeIgniter.php(815): CodeIgniter\Router\Router->handle('Home/about/anom/25')
10 SYSTEMPATH\CodeIgniter.php(449): CodeIgniter\CodeIgniter->tryToRouteIt(Object(CodeIgniter\Router\RouteCollection))
11 SYSTEMPATH\CodeIgniter.php(368): CodeIgniter\CodeIgniter->handleRequest(null, Object(Config\Cache), false)
12 FCPATH\index.php(67): CodeIgniter\CodeIgniter->run()
13 SYSTEMPATH\Commands\Server\rewrite.php(47): require_once('FCPATH\\index.php')
CRITICAL - 2023-02-28 04:03:15 --> Class 'App\Controllers\BaseController' not found
in APPPATH\Controllers\BaseController.php on line 5.
 1 SYSTEMPATH\Autoloader\Autoloader.php(312): include_once()
 2 SYSTEMPATH\Autoloader\Autoloader.php(289): CodeIgniter\Autoloader\Autoloader->includeFile('APPPATH\\Controllers\\BaseController.php')
 3 SYSTEMPATH\Autoloader\Autoloader.php(267): CodeIgniter\Autoloader\Autoloader->loadInNamespace('App\\Controllers\\BaseController')
 4 [internal function]: CodeIgniter\Autoloader\Autoloader->loadClass('App\\Controllers\\BaseController')
 5 APPPATH\Controllers\Home.php(5): spl_autoload_call('App\\Controllers\\BaseController')
 6 SYSTEMPATH\Router\AutoRouter.php(147): include_once('APPPATH\\Controllers\\Home.php')
 7 SYSTEMPATH\Router\Router.php(507): CodeIgniter\Router\AutoRouter->getRoute('Home/about/anom/25')
 8 SYSTEMPATH\Router\Router.php(206): CodeIgniter\Router\Router->autoRoute('Home/about/anom/25')
 9 SYSTEMPATH\CodeIgniter.php(815): CodeIgniter\Router\Router->handle('Home/about/anom/25')
10 SYSTEMPATH\CodeIgniter.php(449): CodeIgniter\CodeIgniter->tryToRouteIt(Object(CodeIgniter\Router\RouteCollection))
11 SYSTEMPATH\CodeIgniter.php(368): CodeIgniter\CodeIgniter->handleRequest(null, Object(Config\Cache), false)
12 FCPATH\index.php(67): CodeIgniter\CodeIgniter->run()
13 SYSTEMPATH\Commands\Server\rewrite.php(47): require_once('FCPATH\\index.php')
CRITICAL - 2023-02-28 04:03:44 --> Class 'App\Controllers\BaseController' not found
in APPPATH\Controllers\BaseController.php on line 5.
 1 SYSTEMPATH\Autoloader\Autoloader.php(312): include_once()
 2 SYSTEMPATH\Autoloader\Autoloader.php(289): CodeIgniter\Autoloader\Autoloader->includeFile('APPPATH\\Controllers\\BaseController.php')
 3 SYSTEMPATH\Autoloader\Autoloader.php(267): CodeIgniter\Autoloader\Autoloader->loadInNamespace('App\\Controllers\\BaseController')
 4 [internal function]: CodeIgniter\Autoloader\Autoloader->loadClass('App\\Controllers\\BaseController')
 5 APPPATH\Controllers\Home.php(5): spl_autoload_call('App\\Controllers\\BaseController')
 6 SYSTEMPATH\Router\AutoRouter.php(147): include_once('APPPATH\\Controllers\\Home.php')
 7 SYSTEMPATH\Router\Router.php(507): CodeIgniter\Router\AutoRouter->getRoute('home/about/anom/25')
 8 SYSTEMPATH\Router\Router.php(206): CodeIgniter\Router\Router->autoRoute('home/about/anom/25')
 9 SYSTEMPATH\CodeIgniter.php(815): CodeIgniter\Router\Router->handle('home/about/anom/25')
10 SYSTEMPATH\CodeIgniter.php(449): CodeIgniter\CodeIgniter->tryToRouteIt(Object(CodeIgniter\Router\RouteCollection))
11 SYSTEMPATH\CodeIgniter.php(368): CodeIgniter\CodeIgniter->handleRequest(null, Object(Config\Cache), false)
12 FCPATH\index.php(67): CodeIgniter\CodeIgniter->run()
13 SYSTEMPATH\Commands\Server\rewrite.php(47): require_once('FCPATH\\index.php')
